[1731396919238] INFO  (ext): SQLTools is starting
[1731396919242] INFO  (ext): initializing language client...
[1731396919245] INFO  (ext): Registering client for languages [{"scheme":"sqltools"},{"language":"sql","scheme":"untitled"},{"language":"sql","scheme":"file"},{"language":"sql","scheme":"sqltools"}]
    ns: "lc"
[1731396919257] INFO  (ext): loading plugins...
[1731396919257] INFO  (ext): registering Formatter Plugin.
    plugin: {
      "name": "Formatter Plugin"
    }
[1731396919258] INFO  (ext): registering Connection Manager Plugin.
    plugin: {
      "name": "Connection Manager Plugin"
    }
[1731396919259] INFO  (ext): registering CodeLens Plugin.
    plugin: {
      "name": "CodeLens Plugin",
      "registeredLanguages": []
    }
[1731396919261] INFO  (ext): registering Dependency Manager Plugin.
    plugin: {
      "name": "Dependency Manager Plugin",
      "installingDrivers": []
    }
[1731396919267] INFO  (ext): Connection explorer changed. Will be updated.
    ns: "conn-man:explorer"
[1731396919267] INFO  (ext): registering History Manager Plugin.
    plugin: {
      "name": "History Manager Plugin"
    }
[1731396919268] INFO  (ext): registering Bookmarks Manager Plugin.
    plugin: {
      "name": "Bookmarks Manager Plugin"
    }
[1731396919270] INFO  (ext): registering Authentication Provider Plugin.
    plugin: {
      "name": "Authentication Provider Plugin",
      "isRegistered": false
    }
[1731396919271] INFO  (ext): registering Object Drop-in Provider (plugin).
    plugin: {
      "type": "plugin",
      "name": "Object Drop-in Provider",
      "isRegistered": false
    }
[1731396919273] INFO  (ext): SQLTools activation completed. 35.073905 ms
[1731396919291] INFO  (ext): Formatter Plugin registered!
[1731396919291] INFO  (ext): CodeLens Plugin registered!
[1731396919291] INFO  (ext): Dependency Manager Plugin registered!
[1731396919292] INFO  (ext): Connection Manager Plugin registered!
[1731396919292] INFO  (ext): History Manager Plugin registered!
[1731396919292] INFO  (ext): Bookmarks Manager Plugin registered!
[1731396919292] INFO  (ext): Authentication Provider Plugin registered!
[1731396919292] INFO  (ext): Object Drop-in Provider (plugin) registered!
[1731396919650] INFO  (ls): SQLTools Server started!
===============================
Using node runtime?: no
ExecPath: /snap/code/174/usr/share/code/code 
===============================
[1731396919678] INFO  (ext): LanguageClient ready
    ns: "lc"
[1731396919674] INFO  (ls): Initialized with node version:v20.18.0
[1731396921473] INFO  (ext): EXECUTING COMMAND => sqltools.refreshTree
[1731396921473] INFO  (ext): Connection explorer changed. Will be updated.
    ns: "conn-man:explorer"
[1731396921474] INFO  (ext): Connection explorer changed. Will be updated.
    ns: "conn-man:explorer"
