[1731396907112] INFO  (ext): SQLTools is starting
[1731396907116] INFO  (ext): initializing language client...
[1731396907119] INFO  (ext): Registering client for languages [{"scheme":"sqltools"},{"language":"sql","scheme":"untitled"},{"language":"sql","scheme":"file"},{"language":"sql","scheme":"sqltools"}]
    ns: "lc"
[1731396907132] INFO  (ext): loading plugins...
[1731396907132] INFO  (ext): registering Formatter Plugin.
    plugin: {
      "name": "Formatter Plugin"
    }
[1731396907133] INFO  (ext): registering Connection Manager Plugin.
    plugin: {
      "name": "Connection Manager Plugin"
    }
[1731396907134] INFO  (ext): registering CodeLens Plugin.
    plugin: {
      "name": "CodeLens Plugin",
      "registeredLanguages": []
    }
[1731396907136] INFO  (ext): registering Dependency Manager Plugin.
    plugin: {
      "name": "Dependency Manager Plugin",
      "installingDrivers": []
    }
[1731396907142] INFO  (ext): Connection explorer changed. Will be updated.
    ns: "conn-man:explorer"
[1731396907142] INFO  (ext): registering History Manager Plugin.
    plugin: {
      "name": "History Manager Plugin"
    }
[1731396907143] INFO  (ext): registering Bookmarks Manager Plugin.
    plugin: {
      "name": "Bookmarks Manager Plugin"
    }
[1731396907147] INFO  (ext): registering Authentication Provider Plugin.
    plugin: {
      "name": "Authentication Provider Plugin",
      "isRegistered": false
    }
[1731396907147] INFO  (ext): registering Object Drop-in Provider (plugin).
    plugin: {
      "type": "plugin",
      "name": "Object Drop-in Provider",
      "isRegistered": false
    }
[1731396907151] INFO  (ext): SQLTools activation completed. 37.582738 ms
[1731396907168] INFO  (ext): Formatter Plugin registered!
[1731396907168] INFO  (ext): CodeLens Plugin registered!
[1731396907168] INFO  (ext): Dependency Manager Plugin registered!
[1731396907168] INFO  (ext): Connection Manager Plugin registered!
[1731396907169] INFO  (ext): History Manager Plugin registered!
[1731396907169] INFO  (ext): Bookmarks Manager Plugin registered!
[1731396907169] INFO  (ext): Authentication Provider Plugin registered!
[1731396907169] INFO  (ext): Object Drop-in Provider (plugin) registered!
[1731396907471] INFO  (ls): SQLTools Server started!
===============================
Using node runtime?: no
ExecPath: /snap/code/174/usr/share/code/code 
===============================
[1731396907487] INFO  (ext): LanguageClient ready
    ns: "lc"
[1731396907482] INFO  (ls): Initialized with node version:v20.18.0
