2024-11-12 10:35:27.456 [info] Added views:outline in workbench.view.explorer
2024-11-12 10:35:27.456 [info] Added views:workbench.view.search in workbench.view.search
2024-11-12 10:35:27.456 [info] Added views:workbench.scm in workbench.view.scm
2024-11-12 10:35:27.456 [info] Added views:workbench.panel.markers.view in workbench.panel.markers
2024-11-12 10:35:27.456 [info] Added views:workbench.panel.output in workbench.panel.output
2024-11-12 10:35:27.456 [info] Added views:terminal in terminal
2024-11-12 10:35:27.456 [info] Added views:timeline in workbench.view.explorer
2024-11-12 10:35:27.456 [info] Added views:workbench.explorer.emptyView in workbench.view.explorer
2024-11-12 10:35:28.074 [info] Added views:dockerContainers,dockerImages,dockerRegistries,dockerNetworks,dockerVolumes,vscode-docker.views.dockerContexts,vscode-docker.views.help in workbench.view.extension.dockerView
2024-11-12 10:35:28.075 [info] Added views:dataworkspace.views.main in workbench.view.extension.dataworkspace
2024-11-12 10:35:28.076 [info] Added views:objectExplorer,queryHistory in workbench.view.extension.objectExplorer
2024-11-12 10:35:28.077 [info] Added views:targetsContainers,devVolumes in workbench.view.remote
2024-11-12 10:35:28.077 [info] Added views:remoteTargets in workbench.view.remote
2024-11-12 10:35:28.078 [info] Added views:liveshare.session in workbench.view.extension.liveshare
2024-11-12 10:35:28.079 [info] Added views:sqltoolsViewConnectionExplorer,sqltoolsViewBookmarksExplorer,sqltoolsViewHistoryExplorer in workbench.view.extension.sqltoolsActivityBarContainer
2024-11-12 10:35:28.079 [info] Added views:sqltoolsViewConsoleMessages in workbench.view.extension.sqltoolsPanelContainer
2024-11-12 10:35:28.080 [info] Added views:ReactView in workbench.view.extension.ReactViewContainer
2024-11-12 10:35:28.357 [info] Added views:workbench.debug.variablesView,workbench.debug.watchExpressionsView,workbench.debug.callStackView,workbench.debug.breakPointsView in workbench.view.debug
2024-11-12 10:35:28.402 [info] Added views:workbench.panel.repl.view in workbench.panel.repl
2024-11-12 10:35:28.404 [info] Removed views:workbench.debug.breakPointsView,workbench.debug.callStackView,workbench.debug.watchExpressionsView,workbench.debug.variablesView from workbench.view.debug
2024-11-12 10:35:28.404 [info] Added views:workbench.debug.welcome in workbench.view.debug
2024-11-12 10:35:28.714 [info] Added views:~remote.forwardedPorts in ~remote.forwardedPortsContainer
